
*** Running vivado
    with args -log tb_debounce.vdi -applog -m64 -messageDb vivado.pb -mode batch -source tb_debounce.tcl -notrace


****** Vivado v2014.1 (64-bit)
  **** SW Build 881834 on Fri Apr  4 14:15:54 MDT 2014
  **** IP Build 877625 on Fri Mar 28 16:29:15 MDT 2014
    ** Copyright 1986-2014 Xilinx, Inc. All Rights Reserved.

source tb_debounce.tcl -notrace
Design is defaulting to srcset: sources_1
Design is defaulting to constrset: constrs_1
INFO: [Project 1-479] Netlist was created with Vivado 2014.1
Loading clock regions from C:/Xilinx/Vivado/2014.1/data\parts/xilinx/artix7/artix7/xc7a100t/ClockRegion.xml
Loading clock buffers from C:/Xilinx/Vivado/2014.1/data\parts/xilinx/artix7/artix7/xc7a100t/ClockBuffers.xml
Loading clock placement rules from C:/Xilinx/Vivado/2014.1/data/parts/xilinx/artix7/ClockPlacerRules.xml
Loading package pin functions from C:/Xilinx/Vivado/2014.1/data\parts/xilinx/artix7/PinFunctions.xml...
Loading package from C:/Xilinx/Vivado/2014.1/data\parts/xilinx/artix7/artix7/xc7a100t/csg324/Package.xml
Loading io standards from C:/Xilinx/Vivado/2014.1/data\./parts/xilinx/artix7/IOStandards.xml
Loading device configuration modes from C:/Xilinx/Vivado/2014.1/data\parts/xilinx/artix7/ConfigModes.xml
INFO: [Opt 31-140] Inserted 0 IBUFs to IO ports without IO buffers.
INFO: [Opt 31-141] Inserted 0 OBUFs to IO ports without IO buffers.
Parsing XDC File [T:/Logica-Programavel/Logica-Programavel/Simulacao/Simulacao.srcs/constrs_1/imports/Problemas/io_basico.xdc]
WARNING: [Vivado 12-584] No ports matched 'clk'. [T:/Logica-Programavel/Logica-Programavel/Simulacao/Simulacao.srcs/constrs_1/imports/Problemas/io_basico.xdc:8]
CRITICAL WARNING: [Common 17-55] 'set_property' expects at least one object. [T:/Logica-Programavel/Logica-Programavel/Simulacao/Simulacao.srcs/constrs_1/imports/Problemas/io_basico.xdc:8]
WARNING: [Vivado 12-584] No ports matched 'clk'. [T:/Logica-Programavel/Logica-Programavel/Simulacao/Simulacao.srcs/constrs_1/imports/Problemas/io_basico.xdc:9]
CRITICAL WARNING: [Common 17-55] 'set_property' expects at least one object. [T:/Logica-Programavel/Logica-Programavel/Simulacao/Simulacao.srcs/constrs_1/imports/Problemas/io_basico.xdc:9]
WARNING: [Vivado 12-584] No ports matched 'clk'. [T:/Logica-Programavel/Logica-Programavel/Simulacao/Simulacao.srcs/constrs_1/imports/Problemas/io_basico.xdc:10]
CRITICAL WARNING: [Vivado 12-1387] No valid object(s) found for create_clock constraint with option '-objects [get_ports clk]'. [T:/Logica-Programavel/Logica-Programavel/Simulacao/Simulacao.srcs/constrs_1/imports/Problemas/io_basico.xdc:10]
Resolution: Check if the specified object(s) exists in the current design. If it does, ensure that the correct design hierarchy was specified for the object.
WARNING: [Vivado 12-584] No ports matched 'sw[0]'. [T:/Logica-Programavel/Logica-Programavel/Simulacao/Simulacao.srcs/constrs_1/imports/Problemas/io_basico.xdc:14]
CRITICAL WARNING: [Common 17-55] 'set_property' expects at least one object. [T:/Logica-Programavel/Logica-Programavel/Simulacao/Simulacao.srcs/constrs_1/imports/Problemas/io_basico.xdc:14]
WARNING: [Vivado 12-584] No ports matched 'sw[0]'. [T:/Logica-Programavel/Logica-Programavel/Simulacao/Simulacao.srcs/constrs_1/imports/Problemas/io_basico.xdc:15]
CRITICAL WARNING: [Common 17-55] 'set_property' expects at least one object. [T:/Logica-Programavel/Logica-Programavel/Simulacao/Simulacao.srcs/constrs_1/imports/Problemas/io_basico.xdc:15]
WARNING: [Vivado 12-584] No ports matched 'sw[1]'. [T:/Logica-Programavel/Logica-Programavel/Simulacao/Simulacao.srcs/constrs_1/imports/Problemas/io_basico.xdc:17]
CRITICAL WARNING: [Common 17-55] 'set_property' expects at least one object. [T:/Logica-Programavel/Logica-Programavel/Simulacao/Simulacao.srcs/constrs_1/imports/Problemas/io_basico.xdc:17]
WARNING: [Vivado 12-584] No ports matched 'sw[1]'. [T:/Logica-Programavel/Logica-Programavel/Simulacao/Simulacao.srcs/constrs_1/imports/Problemas/io_basico.xdc:18]
CRITICAL WARNING: [Common 17-55] 'set_property' expects at least one object. [T:/Logica-Programavel/Logica-Programavel/Simulacao/Simulacao.srcs/constrs_1/imports/Problemas/io_basico.xdc:18]
WARNING: [Vivado 12-584] No ports matched 'sw[2]'. [T:/Logica-Programavel/Logica-Programavel/Simulacao/Simulacao.srcs/constrs_1/imports/Problemas/io_basico.xdc:20]
CRITICAL WARNING: [Common 17-55] 'set_property' expects at least one object. [T:/Logica-Programavel/Logica-Programavel/Simulacao/Simulacao.srcs/constrs_1/imports/Problemas/io_basico.xdc:20]
WARNING: [Vivado 12-584] No ports matched 'sw[2]'. [T:/Logica-Programavel/Logica-Programavel/Simulacao/Simulacao.srcs/constrs_1/imports/Problemas/io_basico.xdc:21]
CRITICAL WARNING: [Common 17-55] 'set_property' expects at least one object. [T:/Logica-Programavel/Logica-Programavel/Simulacao/Simulacao.srcs/constrs_1/imports/Problemas/io_basico.xdc:21]
WARNING: [Vivado 12-584] No ports matched 'sw[3]'. [T:/Logica-Programavel/Logica-Programavel/Simulacao/Simulacao.srcs/constrs_1/imports/Problemas/io_basico.xdc:23]
CRITICAL WARNING: [Common 17-55] 'set_property' expects at least one object. [T:/Logica-Programavel/Logica-Programavel/Simulacao/Simulacao.srcs/constrs_1/imports/Problemas/io_basico.xdc:23]
WARNING: [Vivado 12-584] No ports matched 'sw[3]'. [T:/Logica-Programavel/Logica-Programavel/Simulacao/Simulacao.srcs/constrs_1/imports/Problemas/io_basico.xdc:24]
CRITICAL WARNING: [Common 17-55] 'set_property' expects at least one object. [T:/Logica-Programavel/Logica-Programavel/Simulacao/Simulacao.srcs/constrs_1/imports/Problemas/io_basico.xdc:24]
WARNING: [Vivado 12-584] No ports matched 'sw[4]'. [T:/Logica-Programavel/Logica-Programavel/Simulacao/Simulacao.srcs/constrs_1/imports/Problemas/io_basico.xdc:26]
CRITICAL WARNING: [Common 17-55] 'set_property' expects at least one object. [T:/Logica-Programavel/Logica-Programavel/Simulacao/Simulacao.srcs/constrs_1/imports/Problemas/io_basico.xdc:26]
WARNING: [Vivado 12-584] No ports matched 'sw[4]'. [T:/Logica-Programavel/Logica-Programavel/Simulacao/Simulacao.srcs/constrs_1/imports/Problemas/io_basico.xdc:27]
CRITICAL WARNING: [Common 17-55] 'set_property' expects at least one object. [T:/Logica-Programavel/Logica-Programavel/Simulacao/Simulacao.srcs/constrs_1/imports/Problemas/io_basico.xdc:27]
WARNING: [Vivado 12-584] No ports matched 'sw[5]'. [T:/Logica-Programavel/Logica-Programavel/Simulacao/Simulacao.srcs/constrs_1/imports/Problemas/io_basico.xdc:29]
CRITICAL WARNING: [Common 17-55] 'set_property' expects at least one object. [T:/Logica-Programavel/Logica-Programavel/Simulacao/Simulacao.srcs/constrs_1/imports/Problemas/io_basico.xdc:29]
WARNING: [Vivado 12-584] No ports matched 'sw[5]'. [T:/Logica-Programavel/Logica-Programavel/Simulacao/Simulacao.srcs/constrs_1/imports/Problemas/io_basico.xdc:30]
CRITICAL WARNING: [Common 17-55] 'set_property' expects at least one object. [T:/Logica-Programavel/Logica-Programavel/Simulacao/Simulacao.srcs/constrs_1/imports/Problemas/io_basico.xdc:30]
WARNING: [Vivado 12-584] No ports matched 'sw[6]'. [T:/Logica-Programavel/Logica-Programavel/Simulacao/Simulacao.srcs/constrs_1/imports/Problemas/io_basico.xdc:32]
CRITICAL WARNING: [Common 17-55] 'set_property' expects at least one object. [T:/Logica-Programavel/Logica-Programavel/Simulacao/Simulacao.srcs/constrs_1/imports/Problemas/io_basico.xdc:32]
WARNING: [Vivado 12-584] No ports matched 'sw[6]'. [T:/Logica-Programavel/Logica-Programavel/Simulacao/Simulacao.srcs/constrs_1/imports/Problemas/io_basico.xdc:33]
CRITICAL WARNING: [Common 17-55] 'set_property' expects at least one object. [T:/Logica-Programavel/Logica-Programavel/Simulacao/Simulacao.srcs/constrs_1/imports/Problemas/io_basico.xdc:33]
WARNING: [Vivado 12-584] No ports matched 'sw[7]'. [T:/Logica-Programavel/Logica-Programavel/Simulacao/Simulacao.srcs/constrs_1/imports/Problemas/io_basico.xdc:35]
CRITICAL WARNING: [Common 17-55] 'set_property' expects at least one object. [T:/Logica-Programavel/Logica-Programavel/Simulacao/Simulacao.srcs/constrs_1/imports/Problemas/io_basico.xdc:35]
WARNING: [Vivado 12-584] No ports matched 'sw[7]'. [T:/Logica-Programavel/Logica-Programavel/Simulacao/Simulacao.srcs/constrs_1/imports/Problemas/io_basico.xdc:36]
CRITICAL WARNING: [Common 17-55] 'set_property' expects at least one object. [T:/Logica-Programavel/Logica-Programavel/Simulacao/Simulacao.srcs/constrs_1/imports/Problemas/io_basico.xdc:36]
WARNING: [Vivado 12-584] No ports matched 'sw[8]'. [T:/Logica-Programavel/Logica-Programavel/Simulacao/Simulacao.srcs/constrs_1/imports/Problemas/io_basico.xdc:38]
CRITICAL WARNING: [Common 17-55] 'set_property' expects at least one object. [T:/Logica-Programavel/Logica-Programavel/Simulacao/Simulacao.srcs/constrs_1/imports/Problemas/io_basico.xdc:38]
WARNING: [Vivado 12-584] No ports matched 'sw[8]'. [T:/Logica-Programavel/Logica-Programavel/Simulacao/Simulacao.srcs/constrs_1/imports/Problemas/io_basico.xdc:39]
CRITICAL WARNING: [Common 17-55] 'set_property' expects at least one object. [T:/Logica-Programavel/Logica-Programavel/Simulacao/Simulacao.srcs/constrs_1/imports/Problemas/io_basico.xdc:39]
WARNING: [Vivado 12-584] No ports matched 'sw[9]'. [T:/Logica-Programavel/Logica-Programavel/Simulacao/Simulacao.srcs/constrs_1/imports/Problemas/io_basico.xdc:41]
CRITICAL WARNING: [Common 17-55] 'set_property' expects at least one object. [T:/Logica-Programavel/Logica-Programavel/Simulacao/Simulacao.srcs/constrs_1/imports/Problemas/io_basico.xdc:41]
WARNING: [Vivado 12-584] No ports matched 'sw[9]'. [T:/Logica-Programavel/Logica-Programavel/Simulacao/Simulacao.srcs/constrs_1/imports/Problemas/io_basico.xdc:42]
CRITICAL WARNING: [Common 17-55] 'set_property' expects at least one object. [T:/Logica-Programavel/Logica-Programavel/Simulacao/Simulacao.srcs/constrs_1/imports/Problemas/io_basico.xdc:42]
WARNING: [Vivado 12-584] No ports matched 'sw[10]'. [T:/Logica-Programavel/Logica-Programavel/Simulacao/Simulacao.srcs/constrs_1/imports/Problemas/io_basico.xdc:44]
CRITICAL WARNING: [Common 17-55] 'set_property' expects at least one object. [T:/Logica-Programavel/Logica-Programavel/Simulacao/Simulacao.srcs/constrs_1/imports/Problemas/io_basico.xdc:44]
WARNING: [Vivado 12-584] No ports matched 'sw[10]'. [T:/Logica-Programavel/Logica-Programavel/Simulacao/Simulacao.srcs/constrs_1/imports/Problemas/io_basico.xdc:45]
CRITICAL WARNING: [Common 17-55] 'set_property' expects at least one object. [T:/Logica-Programavel/Logica-Programavel/Simulacao/Simulacao.srcs/constrs_1/imports/Problemas/io_basico.xdc:45]
WARNING: [Vivado 12-584] No ports matched 'sw[11]'. [T:/Logica-Programavel/Logica-Programavel/Simulacao/Simulacao.srcs/constrs_1/imports/Problemas/io_basico.xdc:47]
CRITICAL WARNING: [Common 17-55] 'set_property' expects at least one object. [T:/Logica-Programavel/Logica-Programavel/Simulacao/Simulacao.srcs/constrs_1/imports/Problemas/io_basico.xdc:47]
WARNING: [Vivado 12-584] No ports matched 'sw[11]'. [T:/Logica-Programavel/Logica-Programavel/Simulacao/Simulacao.srcs/constrs_1/imports/Problemas/io_basico.xdc:48]
CRITICAL WARNING: [Common 17-55] 'set_property' expects at least one object. [T:/Logica-Programavel/Logica-Programavel/Simulacao/Simulacao.srcs/constrs_1/imports/Problemas/io_basico.xdc:48]
WARNING: [Vivado 12-584] No ports matched 'sw[12]'. [T:/Logica-Programavel/Logica-Programavel/Simulacao/Simulacao.srcs/constrs_1/imports/Problemas/io_basico.xdc:50]
CRITICAL WARNING: [Common 17-55] 'set_property' expects at least one object. [T:/Logica-Programavel/Logica-Programavel/Simulacao/Simulacao.srcs/constrs_1/imports/Problemas/io_basico.xdc:50]
WARNING: [Vivado 12-584] No ports matched 'sw[12]'. [T:/Logica-Programavel/Logica-Programavel/Simulacao/Simulacao.srcs/constrs_1/imports/Problemas/io_basico.xdc:51]
CRITICAL WARNING: [Common 17-55] 'set_property' expects at least one object. [T:/Logica-Programavel/Logica-Programavel/Simulacao/Simulacao.srcs/constrs_1/imports/Problemas/io_basico.xdc:51]
WARNING: [Vivado 12-584] No ports matched 'sw[13]'. [T:/Logica-Programavel/Logica-Programavel/Simulacao/Simulacao.srcs/constrs_1/imports/Problemas/io_basico.xdc:53]
CRITICAL WARNING: [Common 17-55] 'set_property' expects at least one object. [T:/Logica-Programavel/Logica-Programavel/Simulacao/Simulacao.srcs/constrs_1/imports/Problemas/io_basico.xdc:53]
WARNING: [Vivado 12-584] No ports matched 'sw[13]'. [T:/Logica-Programavel/Logica-Programavel/Simulacao/Simulacao.srcs/constrs_1/imports/Problemas/io_basico.xdc:54]
CRITICAL WARNING: [Common 17-55] 'set_property' expects at least one object. [T:/Logica-Programavel/Logica-Programavel/Simulacao/Simulacao.srcs/constrs_1/imports/Problemas/io_basico.xdc:54]
WARNING: [Vivado 12-584] No ports matched 'sw[14]'. [T:/Logica-Programavel/Logica-Programavel/Simulacao/Simulacao.srcs/constrs_1/imports/Problemas/io_basico.xdc:56]
CRITICAL WARNING: [Common 17-55] 'set_property' expects at least one object. [T:/Logica-Programavel/Logica-Programavel/Simulacao/Simulacao.srcs/constrs_1/imports/Problemas/io_basico.xdc:56]
WARNING: [Vivado 12-584] No ports matched 'sw[14]'. [T:/Logica-Programavel/Logica-Programavel/Simulacao/Simulacao.srcs/constrs_1/imports/Problemas/io_basico.xdc:57]
CRITICAL WARNING: [Common 17-55] 'set_property' expects at least one object. [T:/Logica-Programavel/Logica-Programavel/Simulacao/Simulacao.srcs/constrs_1/imports/Problemas/io_basico.xdc:57]
WARNING: [Vivado 12-584] No ports matched 'sw[15]'. [T:/Logica-Programavel/Logica-Programavel/Simulacao/Simulacao.srcs/constrs_1/imports/Problemas/io_basico.xdc:59]
CRITICAL WARNING: [Common 17-55] 'set_property' expects at least one object. [T:/Logica-Programavel/Logica-Programavel/Simulacao/Simulacao.srcs/constrs_1/imports/Problemas/io_basico.xdc:59]
WARNING: [Vivado 12-584] No ports matched 'sw[15]'. [T:/Logica-Programavel/Logica-Programavel/Simulacao/Simulacao.srcs/constrs_1/imports/Problemas/io_basico.xdc:60]
CRITICAL WARNING: [Common 17-55] 'set_property' expects at least one object. [T:/Logica-Programavel/Logica-Programavel/Simulacao/Simulacao.srcs/constrs_1/imports/Problemas/io_basico.xdc:60]
WARNING: [Vivado 12-584] No ports matched 'led[0]'. [T:/Logica-Programavel/Logica-Programavel/Simulacao/Simulacao.srcs/constrs_1/imports/Problemas/io_basico.xdc:66]
CRITICAL WARNING: [Common 17-55] 'set_property' expects at least one object. [T:/Logica-Programavel/Logica-Programavel/Simulacao/Simulacao.srcs/constrs_1/imports/Problemas/io_basico.xdc:66]
WARNING: [Vivado 12-584] No ports matched 'led[0]'. [T:/Logica-Programavel/Logica-Programavel/Simulacao/Simulacao.srcs/constrs_1/imports/Problemas/io_basico.xdc:67]
CRITICAL WARNING: [Common 17-55] 'set_property' expects at least one object. [T:/Logica-Programavel/Logica-Programavel/Simulacao/Simulacao.srcs/constrs_1/imports/Problemas/io_basico.xdc:67]
WARNING: [Vivado 12-584] No ports matched 'led[1]'. [T:/Logica-Programavel/Logica-Programavel/Simulacao/Simulacao.srcs/constrs_1/imports/Problemas/io_basico.xdc:69]
CRITICAL WARNING: [Common 17-55] 'set_property' expects at least one object. [T:/Logica-Programavel/Logica-Programavel/Simulacao/Simulacao.srcs/constrs_1/imports/Problemas/io_basico.xdc:69]
WARNING: [Vivado 12-584] No ports matched 'led[1]'. [T:/Logica-Programavel/Logica-Programavel/Simulacao/Simulacao.srcs/constrs_1/imports/Problemas/io_basico.xdc:70]
CRITICAL WARNING: [Common 17-55] 'set_property' expects at least one object. [T:/Logica-Programavel/Logica-Programavel/Simulacao/Simulacao.srcs/constrs_1/imports/Problemas/io_basico.xdc:70]
WARNING: [Vivado 12-584] No ports matched 'led[2]'. [T:/Logica-Programavel/Logica-Programavel/Simulacao/Simulacao.srcs/constrs_1/imports/Problemas/io_basico.xdc:72]
CRITICAL WARNING: [Common 17-55] 'set_property' expects at least one object. [T:/Logica-Programavel/Logica-Programavel/Simulacao/Simulacao.srcs/constrs_1/imports/Problemas/io_basico.xdc:72]
WARNING: [Vivado 12-584] No ports matched 'led[2]'. [T:/Logica-Programavel/Logica-Programavel/Simulacao/Simulacao.srcs/constrs_1/imports/Problemas/io_basico.xdc:73]
CRITICAL WARNING: [Common 17-55] 'set_property' expects at least one object. [T:/Logica-Programavel/Logica-Programavel/Simulacao/Simulacao.srcs/constrs_1/imports/Problemas/io_basico.xdc:73]
WARNING: [Vivado 12-584] No ports matched 'led[3]'. [T:/Logica-Programavel/Logica-Programavel/Simulacao/Simulacao.srcs/constrs_1/imports/Problemas/io_basico.xdc:75]
CRITICAL WARNING: [Common 17-55] 'set_property' expects at least one object. [T:/Logica-Programavel/Logica-Programavel/Simulacao/Simulacao.srcs/constrs_1/imports/Problemas/io_basico.xdc:75]
WARNING: [Vivado 12-584] No ports matched 'led[3]'. [T:/Logica-Programavel/Logica-Programavel/Simulacao/Simulacao.srcs/constrs_1/imports/Problemas/io_basico.xdc:76]
CRITICAL WARNING: [Common 17-55] 'set_property' expects at least one object. [T:/Logica-Programavel/Logica-Programavel/Simulacao/Simulacao.srcs/constrs_1/imports/Problemas/io_basico.xdc:76]
WARNING: [Vivado 12-584] No ports matched 'led[4]'. [T:/Logica-Programavel/Logica-Programavel/Simulacao/Simulacao.srcs/constrs_1/imports/Problemas/io_basico.xdc:78]
CRITICAL WARNING: [Common 17-55] 'set_property' expects at least one object. [T:/Logica-Programavel/Logica-Programavel/Simulacao/Simulacao.srcs/constrs_1/imports/Problemas/io_basico.xdc:78]
WARNING: [Vivado 12-584] No ports matched 'led[4]'. [T:/Logica-Programavel/Logica-Programavel/Simulacao/Simulacao.srcs/constrs_1/imports/Problemas/io_basico.xdc:79]
CRITICAL WARNING: [Common 17-55] 'set_property' expects at least one object. [T:/Logica-Programavel/Logica-Programavel/Simulacao/Simulacao.srcs/constrs_1/imports/Problemas/io_basico.xdc:79]
WARNING: [Vivado 12-584] No ports matched 'led[5]'. [T:/Logica-Programavel/Logica-Programavel/Simulacao/Simulacao.srcs/constrs_1/imports/Problemas/io_basico.xdc:81]
CRITICAL WARNING: [Common 17-55] 'set_property' expects at least one object. [T:/Logica-Programavel/Logica-Programavel/Simulacao/Simulacao.srcs/constrs_1/imports/Problemas/io_basico.xdc:81]
WARNING: [Vivado 12-584] No ports matched 'led[5]'. [T:/Logica-Programavel/Logica-Programavel/Simulacao/Simulacao.srcs/constrs_1/imports/Problemas/io_basico.xdc:82]
CRITICAL WARNING: [Common 17-55] 'set_property' expects at least one object. [T:/Logica-Programavel/Logica-Programavel/Simulacao/Simulacao.srcs/constrs_1/imports/Problemas/io_basico.xdc:82]
WARNING: [Vivado 12-584] No ports matched 'led[6]'. [T:/Logica-Programavel/Logica-Programavel/Simulacao/Simulacao.srcs/constrs_1/imports/Problemas/io_basico.xdc:84]
CRITICAL WARNING: [Common 17-55] 'set_property' expects at least one object. [T:/Logica-Programavel/Logica-Programavel/Simulacao/Simulacao.srcs/constrs_1/imports/Problemas/io_basico.xdc:84]
WARNING: [Vivado 12-584] No ports matched 'led[6]'. [T:/Logica-Programavel/Logica-Programavel/Simulacao/Simulacao.srcs/constrs_1/imports/Problemas/io_basico.xdc:85]
CRITICAL WARNING: [Common 17-55] 'set_property' expects at least one object. [T:/Logica-Programavel/Logica-Programavel/Simulacao/Simulacao.srcs/constrs_1/imports/Problemas/io_basico.xdc:85]
WARNING: [Vivado 12-584] No ports matched 'led[7]'. [T:/Logica-Programavel/Logica-Programavel/Simulacao/Simulacao.srcs/constrs_1/imports/Problemas/io_basico.xdc:87]
CRITICAL WARNING: [Common 17-55] 'set_property' expects at least one object. [T:/Logica-Programavel/Logica-Programavel/Simulacao/Simulacao.srcs/constrs_1/imports/Problemas/io_basico.xdc:87]
WARNING: [Vivado 12-584] No ports matched 'led[7]'. [T:/Logica-Programavel/Logica-Programavel/Simulacao/Simulacao.srcs/constrs_1/imports/Problemas/io_basico.xdc:88]
CRITICAL WARNING: [Common 17-55] 'set_property' expects at least one object. [T:/Logica-Programavel/Logica-Programavel/Simulacao/Simulacao.srcs/constrs_1/imports/Problemas/io_basico.xdc:88]
WARNING: [Vivado 12-584] No ports matched 'led[8]'. [T:/Logica-Programavel/Logica-Programavel/Simulacao/Simulacao.srcs/constrs_1/imports/Problemas/io_basico.xdc:90]
CRITICAL WARNING: [Common 17-55] 'set_property' expects at least one object. [T:/Logica-Programavel/Logica-Programavel/Simulacao/Simulacao.srcs/constrs_1/imports/Problemas/io_basico.xdc:90]
WARNING: [Vivado 12-584] No ports matched 'led[8]'. [T:/Logica-Programavel/Logica-Programavel/Simulacao/Simulacao.srcs/constrs_1/imports/Problemas/io_basico.xdc:91]
CRITICAL WARNING: [Common 17-55] 'set_property' expects at least one object. [T:/Logica-Programavel/Logica-Programavel/Simulacao/Simulacao.srcs/constrs_1/imports/Problemas/io_basico.xdc:91]
WARNING: [Vivado 12-584] No ports matched 'led[9]'. [T:/Logica-Programavel/Logica-Programavel/Simulacao/Simulacao.srcs/constrs_1/imports/Problemas/io_basico.xdc:93]
CRITICAL WARNING: [Common 17-55] 'set_property' expects at least one object. [T:/Logica-Programavel/Logica-Programavel/Simulacao/Simulacao.srcs/constrs_1/imports/Problemas/io_basico.xdc:93]
WARNING: [Vivado 12-584] No ports matched 'led[9]'. [T:/Logica-Programavel/Logica-Programavel/Simulacao/Simulacao.srcs/constrs_1/imports/Problemas/io_basico.xdc:94]
CRITICAL WARNING: [Common 17-55] 'set_property' expects at least one object. [T:/Logica-Programavel/Logica-Programavel/Simulacao/Simulacao.srcs/constrs_1/imports/Problemas/io_basico.xdc:94]
WARNING: [Vivado 12-584] No ports matched 'led[10]'. [T:/Logica-Programavel/Logica-Programavel/Simulacao/Simulacao.srcs/constrs_1/imports/Problemas/io_basico.xdc:96]
CRITICAL WARNING: [Common 17-55] 'set_property' expects at least one object. [T:/Logica-Programavel/Logica-Programavel/Simulacao/Simulacao.srcs/constrs_1/imports/Problemas/io_basico.xdc:96]
WARNING: [Vivado 12-584] No ports matched 'led[10]'. [T:/Logica-Programavel/Logica-Programavel/Simulacao/Simulacao.srcs/constrs_1/imports/Problemas/io_basico.xdc:97]
CRITICAL WARNING: [Common 17-55] 'set_property' expects at least one object. [T:/Logica-Programavel/Logica-Programavel/Simulacao/Simulacao.srcs/constrs_1/imports/Problemas/io_basico.xdc:97]
WARNING: [Vivado 12-584] No ports matched 'led[11]'. [T:/Logica-Programavel/Logica-Programavel/Simulacao/Simulacao.srcs/constrs_1/imports/Problemas/io_basico.xdc:99]
CRITICAL WARNING: [Common 17-55] 'set_property' expects at least one object. [T:/Logica-Programavel/Logica-Programavel/Simulacao/Simulacao.srcs/constrs_1/imports/Problemas/io_basico.xdc:99]
WARNING: [Vivado 12-584] No ports matched 'led[11]'. [T:/Logica-Programavel/Logica-Programavel/Simulacao/Simulacao.srcs/constrs_1/imports/Problemas/io_basico.xdc:100]
CRITICAL WARNING: [Common 17-55] 'set_property' expects at least one object. [T:/Logica-Programavel/Logica-Programavel/Simulacao/Simulacao.srcs/constrs_1/imports/Problemas/io_basico.xdc:100]
WARNING: [Vivado 12-584] No ports matched 'led[12]'. [T:/Logica-Programavel/Logica-Programavel/Simulacao/Simulacao.srcs/constrs_1/imports/Problemas/io_basico.xdc:102]
CRITICAL WARNING: [Common 17-55] 'set_property' expects at least one object. [T:/Logica-Programavel/Logica-Programavel/Simulacao/Simulacao.srcs/constrs_1/imports/Problemas/io_basico.xdc:102]
WARNING: [Vivado 12-584] No ports matched 'led[12]'. [T:/Logica-Programavel/Logica-Programavel/Simulacao/Simulacao.srcs/constrs_1/imports/Problemas/io_basico.xdc:103]
CRITICAL WARNING: [Common 17-55] 'set_property' expects at least one object. [T:/Logica-Programavel/Logica-Programavel/Simulacao/Simulacao.srcs/constrs_1/imports/Problemas/io_basico.xdc:103]
WARNING: [Vivado 12-584] No ports matched 'led[13]'. [T:/Logica-Programavel/Logica-Programavel/Simulacao/Simulacao.srcs/constrs_1/imports/Problemas/io_basico.xdc:105]
CRITICAL WARNING: [Common 17-55] 'set_property' expects at least one object. [T:/Logica-Programavel/Logica-Programavel/Simulacao/Simulacao.srcs/constrs_1/imports/Problemas/io_basico.xdc:105]
WARNING: [Vivado 12-584] No ports matched 'led[13]'. [T:/Logica-Programavel/Logica-Programavel/Simulacao/Simulacao.srcs/constrs_1/imports/Problemas/io_basico.xdc:106]
CRITICAL WARNING: [Common 17-55] 'set_property' expects at least one object. [T:/Logica-Programavel/Logica-Programavel/Simulacao/Simulacao.srcs/constrs_1/imports/Problemas/io_basico.xdc:106]
WARNING: [Vivado 12-584] No ports matched 'led[14]'. [T:/Logica-Programavel/Logica-Programavel/Simulacao/Simulacao.srcs/constrs_1/imports/Problemas/io_basico.xdc:108]
CRITICAL WARNING: [Common 17-55] 'set_property' expects at least one object. [T:/Logica-Programavel/Logica-Programavel/Simulacao/Simulacao.srcs/constrs_1/imports/Problemas/io_basico.xdc:108]
WARNING: [Vivado 12-584] No ports matched 'led[14]'. [T:/Logica-Programavel/Logica-Programavel/Simulacao/Simulacao.srcs/constrs_1/imports/Problemas/io_basico.xdc:109]
CRITICAL WARNING: [Common 17-55] 'set_property' expects at least one object. [T:/Logica-Programavel/Logica-Programavel/Simulacao/Simulacao.srcs/constrs_1/imports/Problemas/io_basico.xdc:109]
WARNING: [Vivado 12-584] No ports matched 'led[15]'. [T:/Logica-Programavel/Logica-Programavel/Simulacao/Simulacao.srcs/constrs_1/imports/Problemas/io_basico.xdc:111]
CRITICAL WARNING: [Common 17-55] 'set_property' expects at least one object. [T:/Logica-Programavel/Logica-Programavel/Simulacao/Simulacao.srcs/constrs_1/imports/Problemas/io_basico.xdc:111]
WARNING: [Vivado 12-584] No ports matched 'led[15]'. [T:/Logica-Programavel/Logica-Programavel/Simulacao/Simulacao.srcs/constrs_1/imports/Problemas/io_basico.xdc:112]
CRITICAL WARNING: [Common 17-55] 'set_property' expects at least one object. [T:/Logica-Programavel/Logica-Programavel/Simulacao/Simulacao.srcs/constrs_1/imports/Problemas/io_basico.xdc:112]
WARNING: [Vivado 12-584] No ports matched 'btnCpuReset'. [T:/Logica-Programavel/Logica-Programavel/Simulacao/Simulacao.srcs/constrs_1/imports/Problemas/io_basico.xdc:191]
CRITICAL WARNING: [Common 17-55] 'set_property' expects at least one object. [T:/Logica-Programavel/Logica-Programavel/Simulacao/Simulacao.srcs/constrs_1/imports/Problemas/io_basico.xdc:191]
WARNING: [Vivado 12-584] No ports matched 'btnCpuReset'. [T:/Logica-Programavel/Logica-Programavel/Simulacao/Simulacao.srcs/constrs_1/imports/Problemas/io_basico.xdc:192]
CRITICAL WARNING: [Common 17-55] 'set_property' expects at least one object. [T:/Logica-Programavel/Logica-Programavel/Simulacao/Simulacao.srcs/constrs_1/imports/Problemas/io_basico.xdc:192]
Finished Parsing XDC File [T:/Logica-Programavel/Logica-Programavel/Simulacao/Simulacao.srcs/constrs_1/imports/Problemas/io_basico.xdc]
INFO: [Opt 31-138] Pushed 0 inverter(s).
INFO: [Project 1-111] Unisim Transformation Summary:
No Unisim elements were transformed.

Command: opt_design
Attempting to get a license for feature 'Implementation' and/or device 'xc7a100t'
INFO: [Common 17-349] Got license for feature 'Implementation' and/or device 'xc7a100t'
Running DRC as a precondition to command opt_design

Starting DRC Task
INFO: [Drc 23-27] Running DRC with 2 threads
INFO: [Project 1-461] DRC finished with 0 Errors
INFO: [Project 1-462] Please refer to the DRC report (report_drc) for more information.

Time (s): cpu = 00:00:00 ; elapsed = 00:00:00.047 . Memory (MB): peak = 442.789 ; gain = 0.000

Starting Logic Optimization Task
INFO: [Timing 38-35] Done setting XDC timing constraints.

Phase 1 Retarget

INFO: [Opt 31-138] Pushed 0 inverter(s).
INFO: [Opt 31-49] Retargeted 0 cell(s).
Phase 1 Retarget | Checksum: e354528e

Time (s): cpu = 00:00:12 ; elapsed = 00:00:13 . Memory (MB): peak = 861.789 ; gain = 419.000

Phase 2 Constant Propagation
INFO: [Opt 31-138] Pushed 0 inverter(s).
INFO: [Opt 31-10] Eliminated 0 cells.
Phase 2 Constant Propagation | Checksum: e354528e

Time (s): cpu = 00:00:12 ; elapsed = 00:00:13 . Memory (MB): peak = 861.789 ; gain = 419.000

Phase 3 Sweep
INFO: [Opt 31-12] Eliminated 0 unconnected nets.
INFO: [Opt 31-11] Eliminated 0 unconnected cells.
Phase 3 Sweep | Checksum: e354528e

Time (s): cpu = 00:00:12 ; elapsed = 00:00:13 . Memory (MB): peak = 861.789 ; gain = 419.000
Ending Logic Optimization Task | Checksum: e354528e

Time (s): cpu = 00:00:00 ; elapsed = 00:00:13 . Memory (MB): peak = 861.789 ; gain = 419.000
Implement Debug Cores | Checksum: e354528e
Logic Optimization | Checksum: e354528e

Starting Power Optimization Task
Ending Power Optimization Task | Checksum: e354528e

Time (s): cpu = 00:00:00 ; elapsed = 00:00:00 . Memory (MB): peak = 861.789 ; gain = 0.000
INFO: [Common 17-83] Releasing license: Implementation
17 Infos, 69 Warnings, 69 Critical Warnings and 0 Errors encountered.
opt_design completed successfully
opt_design: Time (s): cpu = 00:00:12 ; elapsed = 00:00:13 . Memory (MB): peak = 861.789 ; gain = 419.258
Command: place_design
Attempting to get a license for feature 'Implementation' and/or device 'xc7a100t'
INFO: [Common 17-349] Got license for feature 'Implementation' and/or device 'xc7a100t'
Running DRC as a precondition to command place_design
INFO: [Drc 23-27] Running DRC with 2 threads
INFO: [Vivado_Tcl 4-198] DRC finished with 0 Errors
INFO: [Vivado_Tcl 4-199] Please refer to the DRC report (report_drc) for more information.

Starting Placer Task
INFO: [Place 30-611] Multithreading enabled for place_design using a maximum of 2 CPUs

Phase 1 Placer Initialization

Phase 1.1 Placer Initialization Core
Netlist sorting complete. Time (s): cpu = 00:00:00 ; elapsed = 00:00:00 . Memory (MB): peak = 863.277 ; gain = 0.000
Phase 1.1 Placer Initialization Core | Checksum: 00000000

Time (s): cpu = 00:00:00 ; elapsed = 00:00:00.062 . Memory (MB): peak = 863.277 ; gain = 0.000
Phase 1 Placer Initialization | Checksum: 00000000

Time (s): cpu = 00:00:00 ; elapsed = 00:00:00.062 . Memory (MB): peak = 863.277 ; gain = 0.000
ERROR: [Place 30-494] The design is empty
Resolution: Check if opt_design has removed all the leaf cells of your design.  Check whether you have instantiated and connected all of the top level ports.
Ending Placer Task | Checksum: 00000000

Time (s): cpu = 00:00:00 ; elapsed = 00:00:00.078 . Memory (MB): peak = 863.277 ; gain = 0.000
INFO: [Common 17-83] Releasing license: Implementation
23 Infos, 69 Warnings, 69 Critical Warnings and 2 Errors encountered.
place_design failed
ERROR: [Common 17-69] Command failed: Placer could not place all instances

    while executing
"place_design "
INFO: [Common 17-206] Exiting Vivado at Wed Nov 18 21:50:03 2015...
